Aug 30 2022 07:11:54
{"type":8192,"message":"Constant FILTER_SANITIZE_STRING is deprecated","file":"\/Users\/treforcoster\/development2018\/korolwp\/wp-content\/plugins\/wordpress-seo\/src\/conditionals\/third-party\/elementor-edit-conditional.php","line":28}

Aug 30 2022 07:12:23
{"Number":8192,"Message":"explode(): Passing null to parameter #2 ($string) of type string is deprecated","File":"\/Users\/treforcoster\/development2018\/korolwp\/wp-content\/plugins\/all-in-one-wp-migration\/functions.php","Line":463}

Aug 30 2022 07:12:23
{"type":8192,"message":"Constant FILTER_SANITIZE_STRING is deprecated","file":"\/Users\/treforcoster\/development2018\/korolwp\/wp-content\/plugins\/wordpress-seo\/src\/conditionals\/third-party\/elementor-edit-conditional.php","line":28}

Aug 30 2022 07:12:23
{"type":8192,"message":"Constant FILTER_SANITIZE_STRING is deprecated","file":"\/Users\/treforcoster\/development2018\/korolwp\/wp-content\/plugins\/wordpress-seo\/src\/conditionals\/third-party\/elementor-edit-conditional.php","line":28}

Aug 30 2022 07:12:23
{"type":8192,"message":"Constant FILTER_SANITIZE_STRING is deprecated","file":"\/Users\/treforcoster\/development2018\/korolwp\/wp-content\/plugins\/wordpress-seo\/src\/conditionals\/third-party\/elementor-edit-conditional.php","line":28}

Aug 30 2022 07:12:23
{"type":8192,"message":"Constant FILTER_SANITIZE_STRING is deprecated","file":"\/Users\/treforcoster\/development2018\/korolwp\/wp-content\/plugins\/wordpress-seo\/src\/conditionals\/third-party\/elementor-edit-conditional.php","line":28}

Aug 30 2022 07:12:23
{"Number":8192,"Message":"base64_encode(): Passing null to parameter #1 ($string) of type string is deprecated","File":"\/Users\/treforcoster\/development2018\/korolwp\/wp-content\/plugins\/all-in-one-wp-migration\/lib\/model\/export\/class-ai1wm-export-config.php","Line":164}

Aug 30 2022 07:12:23
{"Number":8192,"Message":"base64_encode(): Passing null to parameter #1 ($string) of type string is deprecated","File":"\/Users\/treforcoster\/development2018\/korolwp\/wp-content\/plugins\/all-in-one-wp-migration\/lib\/model\/export\/class-ai1wm-export-config.php","Line":164}

Aug 30 2022 07:12:23
{"type":8192,"message":"Constant FILTER_SANITIZE_STRING is deprecated","file":"\/Users\/treforcoster\/development2018\/korolwp\/wp-content\/plugins\/wordpress-seo\/src\/conditionals\/third-party\/elementor-edit-conditional.php","line":28}

Aug 30 2022 07:12:23
{"type":8192,"message":"Constant FILTER_SANITIZE_STRING is deprecated","file":"\/Users\/treforcoster\/development2018\/korolwp\/wp-content\/plugins\/wordpress-seo\/src\/conditionals\/third-party\/elementor-edit-conditional.php","line":28}

Aug 30 2022 07:12:23
{"type":8192,"message":"Constant FILTER_SANITIZE_STRING is deprecated","file":"\/Users\/treforcoster\/development2018\/korolwp\/wp-content\/plugins\/wordpress-seo\/src\/conditionals\/third-party\/elementor-edit-conditional.php","line":28}

Aug 30 2022 07:12:23
{"type":8192,"message":"Constant FILTER_SANITIZE_STRING is deprecated","file":"\/Users\/treforcoster\/development2018\/korolwp\/wp-content\/plugins\/wordpress-seo\/src\/conditionals\/third-party\/elementor-edit-conditional.php","line":28}

Aug 30 2022 07:12:24
{"type":8192,"message":"Constant FILTER_SANITIZE_STRING is deprecated","file":"\/Users\/treforcoster\/development2018\/korolwp\/wp-content\/plugins\/wordpress-seo\/src\/conditionals\/third-party\/elementor-edit-conditional.php","line":28}

Aug 30 2022 07:12:25
{"type":8192,"message":"Constant FILTER_SANITIZE_STRING is deprecated","file":"\/Users\/treforcoster\/development2018\/korolwp\/wp-content\/plugins\/wordpress-seo\/src\/conditionals\/third-party\/elementor-edit-conditional.php","line":28}

Aug 30 2022 07:12:26
{"type":8192,"message":"Constant FILTER_SANITIZE_STRING is deprecated","file":"\/Users\/treforcoster\/development2018\/korolwp\/wp-content\/plugins\/wordpress-seo\/src\/conditionals\/third-party\/elementor-edit-conditional.php","line":28}

Aug 30 2022 07:12:26
{"type":8192,"message":"Constant FILTER_SANITIZE_STRING is deprecated","file":"\/Users\/treforcoster\/development2018\/korolwp\/wp-content\/plugins\/wordpress-seo\/src\/conditionals\/third-party\/elementor-edit-conditional.php","line":28}

Aug 30 2022 07:12:28
{"type":8192,"message":"Constant FILTER_SANITIZE_STRING is deprecated","file":"\/Users\/treforcoster\/development2018\/korolwp\/wp-content\/plugins\/wordpress-seo\/src\/conditionals\/third-party\/elementor-edit-conditional.php","line":28}

Aug 30 2022 07:12:29
{"type":8192,"message":"Constant FILTER_SANITIZE_STRING is deprecated","file":"\/Users\/treforcoster\/development2018\/korolwp\/wp-content\/plugins\/wordpress-seo\/src\/conditionals\/third-party\/elementor-edit-conditional.php","line":28}

Aug 30 2022 07:12:32
{"type":8192,"message":"Constant FILTER_SANITIZE_STRING is deprecated","file":"\/Users\/treforcoster\/development2018\/korolwp\/wp-content\/plugins\/wordpress-seo\/src\/conditionals\/third-party\/elementor-edit-conditional.php","line":28}

Aug 30 2022 07:12:32
{"type":8192,"message":"Constant FILTER_SANITIZE_STRING is deprecated","file":"\/Users\/treforcoster\/development2018\/korolwp\/wp-content\/plugins\/wordpress-seo\/src\/conditionals\/third-party\/elementor-edit-conditional.php","line":28}

Aug 30 2022 07:12:35
{"type":8192,"message":"Constant FILTER_SANITIZE_STRING is deprecated","file":"\/Users\/treforcoster\/development2018\/korolwp\/wp-content\/plugins\/wordpress-seo\/src\/conditionals\/third-party\/elementor-edit-conditional.php","line":28}

Aug 30 2022 07:12:38
{"type":8192,"message":"Constant FILTER_SANITIZE_STRING is deprecated","file":"\/Users\/treforcoster\/development2018\/korolwp\/wp-content\/plugins\/wordpress-seo\/src\/conditionals\/third-party\/elementor-edit-conditional.php","line":28}

Aug 30 2022 07:12:41
{"type":8192,"message":"Constant FILTER_SANITIZE_STRING is deprecated","file":"\/Users\/treforcoster\/development2018\/korolwp\/wp-content\/plugins\/wordpress-seo\/src\/conditionals\/third-party\/elementor-edit-conditional.php","line":28}

Aug 30 2022 07:12:42
{"type":8192,"message":"Constant FILTER_SANITIZE_STRING is deprecated","file":"\/Users\/treforcoster\/development2018\/korolwp\/wp-content\/plugins\/wordpress-seo\/src\/conditionals\/third-party\/elementor-edit-conditional.php","line":28}

Aug 30 2022 07:12:44
{"type":8192,"message":"Constant FILTER_SANITIZE_STRING is deprecated","file":"\/Users\/treforcoster\/development2018\/korolwp\/wp-content\/plugins\/wordpress-seo\/src\/conditionals\/third-party\/elementor-edit-conditional.php","line":28}

Aug 30 2022 07:12:44
{"type":8192,"message":"Constant FILTER_SANITIZE_STRING is deprecated","file":"\/Users\/treforcoster\/development2018\/korolwp\/wp-content\/plugins\/wordpress-seo\/src\/conditionals\/third-party\/elementor-edit-conditional.php","line":28}

Aug 30 2022 07:12:47
{"type":8192,"message":"Constant FILTER_SANITIZE_STRING is deprecated","file":"\/Users\/treforcoster\/development2018\/korolwp\/wp-content\/plugins\/wordpress-seo\/src\/conditionals\/third-party\/elementor-edit-conditional.php","line":28}

Aug 30 2022 07:12:50
{"type":8192,"message":"Constant FILTER_SANITIZE_STRING is deprecated","file":"\/Users\/treforcoster\/development2018\/korolwp\/wp-content\/plugins\/wordpress-seo\/src\/conditionals\/third-party\/elementor-edit-conditional.php","line":28}

Aug 30 2022 07:12:53
{"type":8192,"message":"Constant FILTER_SANITIZE_STRING is deprecated","file":"\/Users\/treforcoster\/development2018\/korolwp\/wp-content\/plugins\/wordpress-seo\/src\/conditionals\/third-party\/elementor-edit-conditional.php","line":28}

Aug 30 2022 07:12:56
{"type":8192,"message":"Constant FILTER_SANITIZE_STRING is deprecated","file":"\/Users\/treforcoster\/development2018\/korolwp\/wp-content\/plugins\/wordpress-seo\/src\/conditionals\/third-party\/elementor-edit-conditional.php","line":28}

Aug 30 2022 07:12:56
{"type":8192,"message":"Constant FILTER_SANITIZE_STRING is deprecated","file":"\/Users\/treforcoster\/development2018\/korolwp\/wp-content\/plugins\/wordpress-seo\/src\/conditionals\/third-party\/elementor-edit-conditional.php","line":28}

Aug 30 2022 07:13:00
{"type":8192,"message":"Constant FILTER_SANITIZE_STRING is deprecated","file":"\/Users\/treforcoster\/development2018\/korolwp\/wp-content\/plugins\/wordpress-seo\/src\/conditionals\/third-party\/elementor-edit-conditional.php","line":28}

Aug 30 2022 07:13:03
{"type":8192,"message":"Constant FILTER_SANITIZE_STRING is deprecated","file":"\/Users\/treforcoster\/development2018\/korolwp\/wp-content\/plugins\/wordpress-seo\/src\/conditionals\/third-party\/elementor-edit-conditional.php","line":28}

Aug 30 2022 07:13:06
{"type":8192,"message":"Constant FILTER_SANITIZE_STRING is deprecated","file":"\/Users\/treforcoster\/development2018\/korolwp\/wp-content\/plugins\/wordpress-seo\/src\/conditionals\/third-party\/elementor-edit-conditional.php","line":28}

Aug 30 2022 07:13:06
{"type":8192,"message":"Constant FILTER_SANITIZE_STRING is deprecated","file":"\/Users\/treforcoster\/development2018\/korolwp\/wp-content\/plugins\/wordpress-seo\/src\/conditionals\/third-party\/elementor-edit-conditional.php","line":28}

Aug 30 2022 07:13:09
{"type":8192,"message":"Constant FILTER_SANITIZE_STRING is deprecated","file":"\/Users\/treforcoster\/development2018\/korolwp\/wp-content\/plugins\/wordpress-seo\/src\/conditionals\/third-party\/elementor-edit-conditional.php","line":28}

Aug 30 2022 07:13:12
{"type":8192,"message":"Constant FILTER_SANITIZE_STRING is deprecated","file":"\/Users\/treforcoster\/development2018\/korolwp\/wp-content\/plugins\/wordpress-seo\/src\/conditionals\/third-party\/elementor-edit-conditional.php","line":28}

Aug 30 2022 07:13:15
{"type":8192,"message":"Constant FILTER_SANITIZE_STRING is deprecated","file":"\/Users\/treforcoster\/development2018\/korolwp\/wp-content\/plugins\/wordpress-seo\/src\/conditionals\/third-party\/elementor-edit-conditional.php","line":28}

Aug 30 2022 07:13:16
{"type":8192,"message":"Constant FILTER_SANITIZE_STRING is deprecated","file":"\/Users\/treforcoster\/development2018\/korolwp\/wp-content\/plugins\/wordpress-seo\/src\/conditionals\/third-party\/elementor-edit-conditional.php","line":28}

Aug 30 2022 07:13:18
{"type":8192,"message":"Constant FILTER_SANITIZE_STRING is deprecated","file":"\/Users\/treforcoster\/development2018\/korolwp\/wp-content\/plugins\/wordpress-seo\/src\/conditionals\/third-party\/elementor-edit-conditional.php","line":28}

Aug 30 2022 07:13:21
{"type":8192,"message":"Constant FILTER_SANITIZE_STRING is deprecated","file":"\/Users\/treforcoster\/development2018\/korolwp\/wp-content\/plugins\/wordpress-seo\/src\/conditionals\/third-party\/elementor-edit-conditional.php","line":28}

Aug 30 2022 07:13:24
{"type":8192,"message":"Constant FILTER_SANITIZE_STRING is deprecated","file":"\/Users\/treforcoster\/development2018\/korolwp\/wp-content\/plugins\/wordpress-seo\/src\/conditionals\/third-party\/elementor-edit-conditional.php","line":28}

Aug 30 2022 07:13:26
{"type":8192,"message":"Constant FILTER_SANITIZE_STRING is deprecated","file":"\/Users\/treforcoster\/development2018\/korolwp\/wp-content\/plugins\/wordpress-seo\/src\/conditionals\/third-party\/elementor-edit-conditional.php","line":28}

Aug 30 2022 07:13:27
{"type":8192,"message":"Constant FILTER_SANITIZE_STRING is deprecated","file":"\/Users\/treforcoster\/development2018\/korolwp\/wp-content\/plugins\/wordpress-seo\/src\/conditionals\/third-party\/elementor-edit-conditional.php","line":28}

Aug 30 2022 07:13:30
{"type":8192,"message":"Constant FILTER_SANITIZE_STRING is deprecated","file":"\/Users\/treforcoster\/development2018\/korolwp\/wp-content\/plugins\/wordpress-seo\/src\/conditionals\/third-party\/elementor-edit-conditional.php","line":28}

Aug 30 2022 07:13:30
{"type":8192,"message":"Constant FILTER_SANITIZE_STRING is deprecated","file":"\/Users\/treforcoster\/development2018\/korolwp\/wp-content\/plugins\/wordpress-seo\/src\/conditionals\/third-party\/elementor-edit-conditional.php","line":28}

Aug 30 2022 07:13:31
{"type":8192,"message":"Constant FILTER_SANITIZE_STRING is deprecated","file":"\/Users\/treforcoster\/development2018\/korolwp\/wp-content\/plugins\/wordpress-seo\/src\/conditionals\/third-party\/elementor-edit-conditional.php","line":28}

Aug 30 2022 07:13:31
{"type":8192,"message":"Constant FILTER_SANITIZE_STRING is deprecated","file":"\/Users\/treforcoster\/development2018\/korolwp\/wp-content\/plugins\/wordpress-seo\/src\/conditionals\/third-party\/elementor-edit-conditional.php","line":28}

Aug 30 2022 07:13:31
{"Number":8192,"Message":"Return type of Requests_Cookie_Jar::offsetExists($key) should either be compatible with ArrayAccess::offsetExists(mixed $offset): bool, or the #[\\ReturnTypeWillChange] attribute should be used to temporarily suppress the notice","File":"\/Users\/treforcoster\/development2018\/korolwp\/wp-includes\/Requests\/Cookie\/Jar.php","Line":63}

Aug 30 2022 07:13:31
{"Number":8192,"Message":"Return type of Requests_Cookie_Jar::offsetGet($key) should either be compatible with ArrayAccess::offsetGet(mixed $offset): mixed, or the #[\\ReturnTypeWillChange] attribute should be used to temporarily suppress the notice","File":"\/Users\/treforcoster\/development2018\/korolwp\/wp-includes\/Requests\/Cookie\/Jar.php","Line":73}

Aug 30 2022 07:13:31
{"Number":8192,"Message":"Return type of Requests_Cookie_Jar::offsetSet($key, $value) should either be compatible with ArrayAccess::offsetSet(mixed $offset, mixed $value): void, or the #[\\ReturnTypeWillChange] attribute should be used to temporarily suppress the notice","File":"\/Users\/treforcoster\/development2018\/korolwp\/wp-includes\/Requests\/Cookie\/Jar.php","Line":89}

Aug 30 2022 07:13:31
{"Number":8192,"Message":"Return type of Requests_Cookie_Jar::offsetUnset($key) should either be compatible with ArrayAccess::offsetUnset(mixed $offset): void, or the #[\\ReturnTypeWillChange] attribute should be used to temporarily suppress the notice","File":"\/Users\/treforcoster\/development2018\/korolwp\/wp-includes\/Requests\/Cookie\/Jar.php","Line":102}

Aug 30 2022 07:13:31
{"Number":8192,"Message":"Return type of Requests_Cookie_Jar::getIterator() should either be compatible with IteratorAggregate::getIterator(): Traversable, or the #[\\ReturnTypeWillChange] attribute should be used to temporarily suppress the notice","File":"\/Users\/treforcoster\/development2018\/korolwp\/wp-includes\/Requests\/Cookie\/Jar.php","Line":111}

Aug 30 2022 07:13:31
{"Number":8192,"Message":"http_build_query(): Passing null to parameter #2 ($numeric_prefix) of type string is deprecated","File":"\/Users\/treforcoster\/development2018\/korolwp\/wp-includes\/Requests\/Transport\/cURL.php","Line":345}

Aug 30 2022 07:13:32
{"Number":8192,"Message":"Return type of Requests_Utility_CaseInsensitiveDictionary::offsetExists($key) should either be compatible with ArrayAccess::offsetExists(mixed $offset): bool, or the #[\\ReturnTypeWillChange] attribute should be used to temporarily suppress the notice","File":"\/Users\/treforcoster\/development2018\/korolwp\/wp-includes\/Requests\/Utility\/CaseInsensitiveDictionary.php","Line":40}

Aug 30 2022 07:13:32
{"Number":8192,"Message":"Return type of Requests_Utility_CaseInsensitiveDictionary::offsetGet($key) should either be compatible with ArrayAccess::offsetGet(mixed $offset): mixed, or the #[\\ReturnTypeWillChange] attribute should be used to temporarily suppress the notice","File":"\/Users\/treforcoster\/development2018\/korolwp\/wp-includes\/Requests\/Utility\/CaseInsensitiveDictionary.php","Line":51}

Aug 30 2022 07:13:32
{"Number":8192,"Message":"Return type of Requests_Utility_CaseInsensitiveDictionary::offsetSet($key, $value) should either be compatible with ArrayAccess::offsetSet(mixed $offset, mixed $value): void, or the #[\\ReturnTypeWillChange] attribute should be used to temporarily suppress the notice","File":"\/Users\/treforcoster\/development2018\/korolwp\/wp-includes\/Requests\/Utility\/CaseInsensitiveDictionary.php","Line":68}

Aug 30 2022 07:13:32
{"Number":8192,"Message":"Return type of Requests_Utility_CaseInsensitiveDictionary::offsetUnset($key) should either be compatible with ArrayAccess::offsetUnset(mixed $offset): void, or the #[\\ReturnTypeWillChange] attribute should be used to temporarily suppress the notice","File":"\/Users\/treforcoster\/development2018\/korolwp\/wp-includes\/Requests\/Utility\/CaseInsensitiveDictionary.php","Line":82}

Aug 30 2022 07:13:32
{"Number":8192,"Message":"Return type of Requests_Utility_CaseInsensitiveDictionary::getIterator() should either be compatible with IteratorAggregate::getIterator(): Traversable, or the #[\\ReturnTypeWillChange] attribute should be used to temporarily suppress the notice","File":"\/Users\/treforcoster\/development2018\/korolwp\/wp-includes\/Requests\/Utility\/CaseInsensitiveDictionary.php","Line":91}

Aug 30 2022 07:13:32
{"type":8192,"message":"Constant FILTER_SANITIZE_STRING is deprecated","file":"\/Users\/treforcoster\/development2018\/korolwp\/wp-content\/plugins\/wordpress-seo\/src\/conditionals\/third-party\/elementor-edit-conditional.php","line":28}

Aug 30 2022 07:13:32
{"type":8192,"message":"Constant FILTER_SANITIZE_STRING is deprecated","file":"\/Users\/treforcoster\/development2018\/korolwp\/wp-content\/plugins\/wordpress-seo\/src\/conditionals\/third-party\/elementor-edit-conditional.php","line":28}

Aug 30 2022 07:13:32
{"type":8192,"message":"Constant FILTER_SANITIZE_STRING is deprecated","file":"\/Users\/treforcoster\/development2018\/korolwp\/wp-content\/plugins\/wordpress-seo\/src\/conditionals\/third-party\/elementor-edit-conditional.php","line":28}

Aug 30 2022 07:13:34
{"type":8192,"message":"Constant FILTER_SANITIZE_STRING is deprecated","file":"\/Users\/treforcoster\/development2018\/korolwp\/wp-content\/plugins\/wordpress-seo\/src\/conditionals\/third-party\/elementor-edit-conditional.php","line":28}

